<?xml version="1.0" encoding="UTF-8"?>
<testsuite name="com.fanbakery.fancake.ApiAuthAfter" tests="1" skipped="0" failures="0" errors="0" timestamp="2021-12-19T04:11:21" hostname="DANNY-NOTEBOOK" time="0.467">
  <properties/>
  <testcase name="contextLoads()" classname="com.fanbakery.fancake.ApiAuthAfter" time="0.467"/>
  <system-out><![CDATA[ResultData(resultcode=0000, requestno=REQ2021123199, enctime=20211211114104, sitecode=QlY5OTY=, responseno=MBV996202112111943704515, autauthtype=null, name=고두호, birthdate=19880116, mobile_no=null, token_version_id=null, enc_data=null, integrity_value=null, encData=null, key=null, iv=null)
]]></system-out>
  <system-err><![CDATA[]]></system-err>
</testsuite>
